
  [32m[1mVITE[22m v5.4.21[39m  [2mready in [0m[1m570[22m[2m[0m ms[22m

  [32m➜[39m  [1mLocal[22m:   [36mhttp://localhost:[1m5173[22m/[39m
  [32m➜[39m  [1mNetwork[22m: [36mhttp://192.168.0.102:[1m5173[22m/[39m
[2m15:18:59[22m [36m[1m[vite][22m[39m [32mhmr update [39m[2m/src/views/Menu.vue?vue&type=style&index=0&scoped=852b97e5&lang.css[22m
[2m15:26:58[22m [36m[1m[vite][22m[39m [32mhmr update [39m[2m/src/views/Menu.vue?vue&type=style&index=0&scoped=852b97e5&lang.css[22m
[2m19:18:03[22m [36m[1m[vite][22m[39m [32mhmr update [39m[2m/src/views/Menu.vue[22m
[2m19:18:12[22m [36m[1m[vite][22m[39m [32mhmr update [39m[2m/src/views/Menu.vue?vue&type=style&index=0&scoped=852b97e5&lang.css[22m
[2m19:18:20[22m [36m[1m[vite][22m[39m [32mhmr update [39m[2m/src/views/Menu.vue?vue&type=style&index=0&scoped=852b97e5&lang.css[22m
[2m19:34:49[22m [36m[1m[vite][22m[39m [32mhmr update [39m[2m/src/views/Menu.vue[22m
[2m19:34:52[22m [36m[1m[vite][22m[39m [32mhmr update [39m[2m/src/views/Menu.vue[22m
[2m19:34:54[22m [36m[1m[vite][22m[39m [32mhmr update [39m[2m/src/App.vue[22m
[2m19:35:03[22m [36m[1m[vite][22m[39m [32mhmr update [39m[2m/src/views/AdminLogs.vue[22m
[2m19:35:07[22m [36m[1m[vite][22m[39m [32mhmr update [39m[2m/src/views/AdminLogs.vue?vue&type=style&index=0&scoped=2293cb63&lang.css[22m
[2m16:48:21[22m [36m[1m[vite][22m[39m [32mhmr update [39m[2m/src/views/Menu.vue?vue&type=style&index=0&scoped=852b97e5&lang.css[22m
[2m16:48:25[22m [36m[1m[vite][22m[39m [32mhmr update [39m[2m/src/views/Menu.vue?vue&type=style&index=0&scoped=852b97e5&lang.css[22m
[2m16:48:29[22m [36m[1m[vite][22m[39m [32mhmr update [39m[2m/src/views/Menu.vue?vue&type=style&index=0&scoped=852b97e5&lang.css[22m
[2m16:48:32[22m [36m[1m[vite][22m[39m [32mhmr update [39m[2m/src/views/Menu.vue?vue&type=style&index=0&scoped=852b97e5&lang.css[22m
[2m16:50:46[22m [36m[1m[vite][22m[39m [32mhmr update [39m[2m/src/views/Menu.vue?vue&type=style&index=0&scoped=852b97e5&lang.css[22m
[2m16:50:49[22m [36m[1m[vite][22m[39m [32mhmr update [39m[2m/src/views/Menu.vue?vue&type=style&index=0&scoped=852b97e5&lang.css[22m
[2m16:50:52[22m [36m[1m[vite][22m[39m [32mhmr update [39m[2m/src/views/Menu.vue?vue&type=style&index=0&scoped=852b97e5&lang.css[22m
[2m16:50:55[22m [36m[1m[vite][22m[39m [32mhmr update [39m[2m/src/views/Menu.vue?vue&type=style&index=0&scoped=852b97e5&lang.css[22m
[2m16:54:07[22m [36m[1m[vite][22m[39m [32mhmr update [39m[2m/src/views/Menu.vue?vue&type=style&index=0&scoped=852b97e5&lang.css[22m
[2m16:54:11[22m [36m[1m[vite][22m[39m [32mhmr update [39m[2m/src/views/Menu.vue?vue&type=style&index=0&scoped=852b97e5&lang.css[22m
[2m16:54:14[22m [36m[1m[vite][22m[39m [32mhmr update [39m[2m/src/views/Menu.vue?vue&type=style&index=0&scoped=852b97e5&lang.css[22m
[2m16:54:17[22m [36m[1m[vite][22m[39m [32mhmr update [39m[2m/src/views/Menu.vue?vue&type=style&index=0&scoped=852b97e5&lang.css[22m
[2m16:54:21[22m [36m[1m[vite][22m[39m [32mhmr update [39m[2m/src/views/Menu.vue?vue&type=style&index=0&scoped=852b97e5&lang.css[22m
[2m16:56:19[22m [36m[1m[vite][22m[39m [32mhmr update [39m[2m/src/views/Menu.vue?vue&type=style&index=0&scoped=852b97e5&lang.css[22m
[2m16:56:22[22m [36m[1m[vite][22m[39m [32mhmr update [39m[2m/src/views/Menu.vue?vue&type=style&index=0&scoped=852b97e5&lang.css[22m
[2m16:56:25[22m [36m[1m[vite][22m[39m [32mhmr update [39m[2m/src/views/Menu.vue?vue&type=style&index=0&scoped=852b97e5&lang.css[22m
[2m16:56:28[22m [36m[1m[vite][22m[39m [32mhmr update [39m[2m/src/views/Menu.vue?vue&type=style&index=0&scoped=852b97e5&lang.css[22m
[2m16:58:05[22m [36m[1m[vite][22m[39m [32mhmr update [39m[2m/src/views/Menu.vue?vue&type=style&index=0&scoped=852b97e5&lang.css[22m
[2m17:01:11[22m [36m[1m[vite][22m[39m [32mhmr update [39m[2m/src/views/Menu.vue?vue&type=style&index=0&scoped=852b97e5&lang.css[22m
[2m17:01:14[22m [36m[1m[vite][22m[39m [32mhmr update [39m[2m/src/views/Menu.vue?vue&type=style&index=0&scoped=852b97e5&lang.css[22m
[2m17:01:18[22m [36m[1m[vite][22m[39m [32mhmr update [39m[2m/src/views/Menu.vue?vue&type=style&index=0&scoped=852b97e5&lang.css[22m
[2m17:01:55[22m [36m[1m[vite][22m[39m [32mhmr update [39m[2m/src/views/Menu.vue?vue&type=style&index=0&scoped=852b97e5&lang.css[22m
[2m17:01:58[22m [36m[1m[vite][22m[39m [32mhmr update [39m[2m/src/views/Menu.vue?vue&type=style&index=0&scoped=852b97e5&lang.css[22m
